<?xml version="1.0" encoding="UTF-8"?>
<coverage generated="1762656180834" clover="3.2.0">
  <project timestamp="1762656180835" name="All files">
    <metrics statements="3" coveredstatements="0" conditionals="2" coveredconditionals="0" methods="0" coveredmethods="0" elements="5" coveredelements="0" complexity="0" loc="3" ncloc="3" packages="1" files="1" classes="1"/>
    <file name="logger.js" path="C:\testing-and-debugging-ensuring-mern-app-reliability-Puritized\client\src\logger.js">
      <metrics statements="3" coveredstatements="0" conditionals="2" coveredconditionals="0" methods="0" coveredmethods="0"/>
      <line num="1" count="0" type="stmt"/>
      <line num="3" count="0" type="stmt"/>
      <line num="14" count="0" type="stmt"/>
    </file>
  </project>
</coverage>
