{"C:\\testing-and-debugging-ensuring-mern-app-reliability-Puritized\\client\\src\\logger.js": {"path":"C:\\testing-and-debugging-ensuring-mern-app-reliability-Puritized\\client\\src\\logger.js","statementMap":{"0":{"start":{"line":1,"column":45},"end":{"line":1,"column":63}},"1":{"start":{"line":3,"column":15},"end":{"line":12,"column":2}},"2":{"start":{"line":14,"column":0},"end":{"line":14,"column":24}}},"fnMap":{},"branchMap":{"0":{"loc":{"start":{"line":4,"column":9},"end":{"line":4,"column":40}},"type":"binary-expr","locations":[{"start":{"line":4,"column":9},"end":{"line":4,"column":30}},{"start":{"line":4,"column":34},"end":{"line":4,"column":40}}],"line":4}},"s":{"0":0,"1":0,"2":0},"f":{},"b":{"0":[0,0]}}
}
